<?xml version="1.0" encoding="UTF-8"?>
<!-- Generated by org.testng.reporters.JUnitXMLReporter -->
<testsuite ignored="0" hostname="DESKTOP-2JGO8IH" failures="0" tests="4" name="ContactUsFormValidationsTest" time="47.945" errors="0" timestamp="22 Apr 2024 15:20:15 GMT">
  <testcase classname="Test.ContactUsFormValidationsTest" name="ContactUsFormNameValidation" time="4.481"/>
  <testcase classname="Test.ContactUsFormValidationsTest" name="ContactUsFormEmailValidation" time="4.296"/>
  <testcase classname="Test.ContactUsFormValidationsTest" name="ContactUsFormPhoneNumberValidation" time="4.151"/>
  <testcase classname="Test.ContactUsFormValidationsTest" name="ContactUsFormCloseValidation" time="4.073"/>
</testsuite> <!-- ContactUsFormValidationsTest -->
